<?xml version="1.0" encoding="UTF-8"?>
<!-- Generated by org.testng.reporters.JUnitReportReporter -->
<testsuite hostname="DESKTOP-IJRRKJG" failures="0" tests="1" name="restassuredapi.ExcelDatadrivenTest" time="0.000" errors="0" timestamp="2022-03-26T00:39:52 IST" skipped="1">
  <testcase classname="restassuredapi.ExcelDatadrivenTest" name="createUser" time="0.000">
    <skipped/>
  </testcase> <!-- createUser -->
  <system-out/>
</testsuite> <!-- restassuredapi.ExcelDatadrivenTest -->
