<?xml version="1.0" encoding="UTF-8"?>
<!-- Generated by org.testng.reporters.JUnitReportReporter -->
<testsuite hostname="DESKTOP-IJRRKJG" failures="0" tests="5" name="restassuredapi.TestCase002" time="0.131" errors="0" timestamp="2022-03-28T23:23:51 IST" skipped="0">
  <testcase classname="restassuredapi.TestCase002" name="checkStatusLine" time="0.008"/>
  <system-out/>
  <testcase classname="restassuredapi.TestCase002" name="checkResponseBody" time="0.063"/>
  <system-out/>
  <testcase classname="restassuredapi.TestCase002" name="checkStatusCode" time="0.010"/>
  <system-out/>
  <testcase classname="restassuredapi.TestCase002" name="checkContentType" time="0.035"/>
  <system-out/>
  <testcase classname="restassuredapi.TestCase002" name="checkResponseTime" time="0.015"/>
  <system-out/>
</testsuite> <!-- restassuredapi.TestCase002 -->
