<?xml version="1.0" encoding="UTF-8"?>
<!-- Generated by org.testng.reporters.JUnitReportReporter -->
<testsuite hostname="DESKTOP-IJRRKJG" failures="0" tests="1" name="restassuredapi.TC005Authentication" time="1.429" errors="0" timestamp="2022-03-26T00:39:52 IST" skipped="0">
  <testcase classname="restassuredapi.TC005Authentication" name="basicAuthorizationTest" time="1.429"/>
  <system-out/>
</testsuite> <!-- restassuredapi.TC005Authentication -->
