<?xml version="1.0" encoding="UTF-8"?>
<!-- Generated by org.testng.reporters.JUnitReportReporter -->
<testsuite hostname="DESKTOP-IJRRKJG" failures="0" tests="10" name="restassuredapi.Test111GetRequest" time="0.063" errors="0" timestamp="2022-03-28T22:35:11 IST" skipped="0">
  <testcase classname="restassuredapi.Test111GetRequest" name="checkHeaders4" time="0.002"/>
  <system-out/>
  <testcase classname="restassuredapi.Test111GetRequest" name="checkHeaders2" time="0.006"/>
  <system-out/>
  <testcase classname="restassuredapi.Test111GetRequest" name="checkHeaders3" time="0.006"/>
  <system-out/>
  <testcase classname="restassuredapi.Test111GetRequest" name="checkResponseBody" time="0.009"/>
  <system-out/>
  <testcase classname="restassuredapi.Test111GetRequest" name="checkHeaders1" time="0.021"/>
  <system-out/>
  <testcase classname="restassuredapi.Test111GetRequest" name="checkContentEncoding" time="0.003"/>
  <system-out/>
  <testcase classname="restassuredapi.Test111GetRequest" name="checkStatusCode" time="0.001"/>
  <system-out/>
  <testcase classname="restassuredapi.Test111GetRequest" name="checkContentType" time="0.002"/>
  <system-out/>
  <testcase classname="restassuredapi.Test111GetRequest" name="checkStatusLine" time="0.002"/>
  <system-out/>
  <testcase classname="restassuredapi.Test111GetRequest" name="checkResponseTime" time="0.011"/>
  <system-out/>
</testsuite> <!-- restassuredapi.Test111GetRequest -->
