<?xml version="1.0" encoding="UTF-8"?>
<!-- Generated by org.testng.reporters.JUnitReportReporter -->
<testsuite hostname="DESKTOP-IJRRKJG" failures="0" tests="4" name="restassuredapi.TestCase003" time="0.012" errors="0" timestamp="2022-03-26T12:39:03 IST" skipped="0">
  <testcase classname="restassuredapi.TestCase003" name="checkStatusCode" time="0.003"/>
  <system-out/>
  <testcase classname="restassuredapi.TestCase003" name="checkResponseBody" time="0.003"/>
  <system-out/>
  <testcase classname="restassuredapi.TestCase003" name="checkStatusLine" time="0.003"/>
  <system-out/>
  <testcase classname="restassuredapi.TestCase003" name="checkContentType" time="0.003"/>
  <system-out/>
</testsuite> <!-- restassuredapi.TestCase003 -->
