<?xml version="1.0" encoding="UTF-8"?>
<!-- Generated by org.testng.reporters.JUnitReportReporter -->
<testsuite hostname="DESKTOP-IJRRKJG" failures="0" tests="1" name="restassuredapi.TC001GetRequest" time="6.492" errors="0" timestamp="2022-03-28T17:22:27 IST" skipped="0">
  <testcase classname="restassuredapi.TC001GetRequest" name="getUsersList" time="6.492"/>
  <system-out/>
</testsuite> <!-- restassuredapi.TC001GetRequest -->
