<?xml version="1.0" encoding="UTF-8"?>
<!-- Generated by org.testng.reporters.JUnitReportReporter -->
<testsuite hostname="DESKTOP-IJRRKJG" failures="0" tests="1" name="restassuredapi.TC002PostRequest" time="0.640" errors="0" timestamp="2022-03-26T00:39:52 IST" skipped="0">
  <testcase classname="restassuredapi.TC002PostRequest" name="addUser" time="0.640"/>
  <system-out/>
</testsuite> <!-- restassuredapi.TC002PostRequest -->
