<?xml version="1.0" encoding="UTF-8"?>
<!-- Generated by org.testng.reporters.JUnitReportReporter -->
<testsuite hostname="DESKTOP-IJRRKJG" failures="0" tests="3" name="restassuredapi.DataProviderTest" time="1.711" errors="0" timestamp="2022-03-26T00:39:52 IST" skipped="0">
  <testcase classname="restassuredapi.DataProviderTest" name="createUser" time="0.567"/>
  <system-out/>
  <testcase classname="restassuredapi.DataProviderTest" name="createUser" time="0.578"/>
  <system-out/>
  <testcase classname="restassuredapi.DataProviderTest" name="createUser" time="0.566"/>
  <system-out/>
</testsuite> <!-- restassuredapi.DataProviderTest -->
