<?xml version="1.0" encoding="UTF-8"?>
<!-- Generated by org.testng.reporters.JUnitReportReporter -->
<testsuite hostname="DESKTOP-IJRRKJG" failures="0" tests="8" name="restassuredapi.TestCase001" time="0.137" errors="0" timestamp="2022-03-28T18:06:35 IST" skipped="0">
  <testcase classname="restassuredapi.TestCase001" name="checkCookies" time="0.007"/>
  <system-out/>
  <testcase classname="restassuredapi.TestCase001" name="checkResponeTime" time="0.007"/>
  <system-out/>
  <testcase classname="restassuredapi.TestCase001" name="checkStatusLine" time="0.007"/>
  <system-out/>
  <testcase classname="restassuredapi.TestCase001" name="checkContentEncoding" time="0.027"/>
  <system-out/>
  <testcase classname="restassuredapi.TestCase001" name="checkContentType" time="0.010"/>
  <system-out/>
  <testcase classname="restassuredapi.TestCase001" name="checkResponseBody" time="0.065"/>
  <system-out/>
  <testcase classname="restassuredapi.TestCase001" name="checkServerType" time="0.009"/>
  <system-out/>
  <testcase classname="restassuredapi.TestCase001" name="checkStatusCode" time="0.005"/>
  <system-out/>
</testsuite> <!-- restassuredapi.TestCase001 -->
