<?xml version="1.0" encoding="UTF-8"?>
<!-- Generated by org.testng.reporters.JUnitReportReporter -->
<testsuite hostname="DESKTOP-IJRRKJG" failures="0" tests="1" name="restassuredapi.TestCase005" time="0.003" errors="0" timestamp="2022-03-26T12:39:03 IST" skipped="0">
  <testcase classname="restassuredapi.TestCase005" name="getResponseHeaders" time="0.003"/>
  <system-out/>
</testsuite> <!-- restassuredapi.TestCase005 -->
