<?xml version="1.0" encoding="UTF-8"?>
<!-- Generated by org.testng.reporters.JUnitReportReporter -->
<testsuite hostname="DESKTOP-IJRRKJG" failures="0" tests="1" name="restassuredapi.TestCase005" time="0.005" errors="0" timestamp="2022-03-28T11:36:36 IST" skipped="0">
  <testcase classname="restassuredapi.TestCase005" name="getResponseHeaders" time="0.005"/>
  <system-out/>
</testsuite> <!-- restassuredapi.TestCase005 -->
