<?xml version="1.0" encoding="UTF-8"?>
<!-- Generated by org.testng.reporters.JUnitReportReporter -->
<testsuite hostname="DESKTOP-IJRRKJG" failures="0" tests="4" name="restassuredapi.TestCase002" time="0.020" errors="0" timestamp="2022-03-28T20:57:50 IST" skipped="0">
  <testcase classname="restassuredapi.TestCase002" name="checkStatusCode" time="0.004"/>
  <system-out/>
  <testcase classname="restassuredapi.TestCase002" name="checkStatusLine" time="0.005"/>
  <system-out/>
  <testcase classname="restassuredapi.TestCase002" name="checkContentType" time="0.006"/>
  <system-out/>
  <testcase classname="restassuredapi.TestCase002" name="checkResponseBody" time="0.005"/>
  <system-out/>
</testsuite> <!-- restassuredapi.TestCase002 -->
