<?xml version="1.0" encoding="UTF-8"?>
<!-- Generated by org.testng.reporters.JUnitReportReporter -->
<testsuite hostname="DESKTOP-IJRRKJG" failures="0" tests="8" name="restassuredapi.TestCase001" time="0.224" errors="0" timestamp="2022-03-28T20:57:50 IST" skipped="0">
  <testcase classname="restassuredapi.TestCase001" name="checkResponeTime" time="0.004"/>
  <system-out/>
  <testcase classname="restassuredapi.TestCase001" name="checkServerType" time="0.065"/>
  <system-out/>
  <testcase classname="restassuredapi.TestCase001" name="checkContentType" time="0.004"/>
  <system-out/>
  <testcase classname="restassuredapi.TestCase001" name="checkStatusLine" time="0.013"/>
  <system-out/>
  <testcase classname="restassuredapi.TestCase001" name="checkCookies" time="0.004"/>
  <system-out/>
  <testcase classname="restassuredapi.TestCase001" name="checkContentEncoding" time="0.054"/>
  <system-out/>
  <testcase classname="restassuredapi.TestCase001" name="checkResponseBody" time="0.062"/>
  <system-out/>
  <testcase classname="restassuredapi.TestCase001" name="checkStatusCode" time="0.018"/>
  <system-out/>
</testsuite> <!-- restassuredapi.TestCase001 -->
