<?xml version="1.0" encoding="UTF-8"?>
<!-- Generated by org.testng.reporters.JUnitReportReporter -->
<testsuite hostname="DESKTOP-IJRRKJG" failures="0" tests="4" name="restassuredapi.TestCase004" time="0.021" errors="0" timestamp="2022-03-28T20:57:50 IST" skipped="0">
  <testcase classname="restassuredapi.TestCase004" name="checkResponseBody" time="0.006"/>
  <system-out/>
  <testcase classname="restassuredapi.TestCase004" name="checkStatusCode" time="0.009"/>
  <system-out/>
  <testcase classname="restassuredapi.TestCase004" name="checkStatusLine" time="0.003"/>
  <system-out/>
  <testcase classname="restassuredapi.TestCase004" name="checkContentType" time="0.003"/>
  <system-out/>
</testsuite> <!-- restassuredapi.TestCase004 -->
