<?xml version="1.0" encoding="UTF-8"?>
<!-- Generated by org.testng.reporters.JUnitReportReporter -->
<testsuite hostname="DESKTOP-IJRRKJG" failures="0" tests="8" name="restassuredapi.TestCase001" time="0.208" errors="0" timestamp="2022-03-28T11:36:36 IST" skipped="0">
  <testcase classname="restassuredapi.TestCase001" name="checkStatusCode" time="0.007"/>
  <system-out/>
  <testcase classname="restassuredapi.TestCase001" name="checkCookies" time="0.007"/>
  <system-out/>
  <testcase classname="restassuredapi.TestCase001" name="checkContentEncoding" time="0.084"/>
  <system-out/>
  <testcase classname="restassuredapi.TestCase001" name="checkResponeTime" time="0.010"/>
  <system-out/>
  <testcase classname="restassuredapi.TestCase001" name="checkContentType" time="0.006"/>
  <system-out/>
  <testcase classname="restassuredapi.TestCase001" name="checkServerType" time="0.017"/>
  <system-out/>
  <testcase classname="restassuredapi.TestCase001" name="checkResponseBody" time="0.060"/>
  <system-out/>
  <testcase classname="restassuredapi.TestCase001" name="checkStatusLine" time="0.017"/>
  <system-out/>
</testsuite> <!-- restassuredapi.TestCase001 -->
