<?xml version="1.0" encoding="UTF-8"?>
<!-- Generated by org.testng.reporters.JUnitReportReporter -->
<testsuite hostname="DESKTOP-IJRRKJG" failures="0" tests="4" name="restassuredapi.TestCase003" time="0.040" errors="0" timestamp="2022-03-28T10:40:36 IST" skipped="0">
  <testcase classname="restassuredapi.TestCase003" name="checkStatusLine" time="0.024"/>
  <system-out/>
  <testcase classname="restassuredapi.TestCase003" name="checkContentType" time="0.005"/>
  <system-out/>
  <testcase classname="restassuredapi.TestCase003" name="checkStatusCode" time="0.002"/>
  <system-out/>
  <testcase classname="restassuredapi.TestCase003" name="checkResponseBody" time="0.009"/>
  <system-out/>
</testsuite> <!-- restassuredapi.TestCase003 -->
